2021-01-07 14:05:57,417 INFO org.springframework.context.support.PostProcessorRegistrationDelegate$BeanPostProcessorChecker [main] Bean 'org.springframework.cloud.autoconfigure.ConfigurationPropertiesRebinderAutoConfiguration' of type [org.springframework.cloud.autoconfigure.ConfigurationPropertiesRebinderAutoConfiguration$$EnhancerBySpringCGLIB$$277a3bdf] is not eligible for getting processed by all BeanPostProcessors (for example: not eligible for auto-proxying)
2021-01-07 14:05:57,719 INFO org.springframework.cloud.config.client.ConfigServicePropertySourceLocator [main] Fetching config from server at : http://localhost:8080
2021-01-07 14:05:58,017 INFO org.springframework.cloud.config.client.ConfigServicePropertySourceLocator [main] Located environment: name=eyerne-user-profile-elasticsearch-module, profiles=[local], label=null, version=null, state=null
2021-01-07 14:05:58,018 INFO org.springframework.cloud.bootstrap.config.PropertySourceBootstrapConfiguration [main] Located property source: CompositePropertySource {name='configService', propertySources=[MapPropertySource {name='classpath:/common-configs/eyerne-user-profile-elasticsearch-module.properties'}, MapPropertySource {name='classpath:/common-configs/application.properties'}]}
2021-01-07 14:05:58,074 INFO org.springframework.boot.SpringApplication [main] The following profiles are active: local
2021-01-07 14:06:02,072 INFO org.springframework.data.repository.config.RepositoryConfigurationDelegate [main] Multiple Spring Data modules found, entering strict repository configuration mode!
2021-01-07 14:06:02,074 INFO org.springframework.data.repository.config.RepositoryConfigurationDelegate [main] Bootstrapping Spring Data repositories in DEFAULT mode.
2021-01-07 14:06:02,109 INFO org.springframework.data.repository.config.RepositoryConfigurationDelegate [main] Finished Spring Data repository scanning in 18ms. Found 0 repository interfaces.
2021-01-07 14:06:02,113 INFO org.springframework.data.repository.config.RepositoryConfigurationDelegate [main] Multiple Spring Data modules found, entering strict repository configuration mode!
2021-01-07 14:06:02,114 INFO org.springframework.data.repository.config.RepositoryConfigurationDelegate [main] Bootstrapping Spring Data repositories in DEFAULT mode.
2021-01-07 14:06:02,118 INFO org.springframework.data.repository.config.RepositoryConfigurationDelegate [main] Finished Spring Data repository scanning in 2ms. Found 0 repository interfaces.
2021-01-07 14:06:02,124 INFO org.springframework.data.repository.config.RepositoryConfigurationDelegate [main] Multiple Spring Data modules found, entering strict repository configuration mode!
2021-01-07 14:06:02,124 INFO org.springframework.data.repository.config.RepositoryConfigurationDelegate [main] Bootstrapping Spring Data repositories in DEFAULT mode.
2021-01-07 14:06:02,973 INFO org.springframework.data.repository.config.RepositoryConfigurationDelegate [main] Finished Spring Data repository scanning in 834ms. Found 12 repository interfaces.
2021-01-07 14:06:03,422 INFO org.springframework.data.repository.config.RepositoryConfigurationDelegate [main] Multiple Spring Data modules found, entering strict repository configuration mode!
2021-01-07 14:06:03,423 INFO org.springframework.data.repository.config.RepositoryConfigurationDelegate [main] Bootstrapping Spring Data repositories in DEFAULT mode.
2021-01-07 14:06:03,466 INFO org.springframework.data.repository.config.RepositoryConfigurationExtensionSupport [main] Spring Data Reactive Cassandra - Could not safely identify store assignment for repository candidate interface com.eyerne.backend.database.connection.module.mysql.repository.UserRoleRepository.
2021-01-07 14:06:03,467 INFO org.springframework.data.repository.config.RepositoryConfigurationExtensionSupport [main] Spring Data Reactive Cassandra - Could not safely identify store assignment for repository candidate interface com.eyerne.backend.database.connection.module.mysql.repository.UserWorkExperienceRepository.
2021-01-07 14:06:03,472 INFO org.springframework.data.repository.config.RepositoryConfigurationExtensionSupport [main] Spring Data Reactive Cassandra - Could not safely identify store assignment for repository candidate interface com.eyerne.backend.database.connection.module.mysql.repository.PlacesRepository.
2021-01-07 14:06:03,474 INFO org.springframework.data.repository.config.RepositoryConfigurationExtensionSupport [main] Spring Data Reactive Cassandra - Could not safely identify store assignment for repository candidate interface com.eyerne.backend.database.connection.module.mysql.repository.OwnershipClaimRepository.
2021-01-07 14:06:03,475 INFO org.springframework.data.repository.config.RepositoryConfigurationExtensionSupport [main] Spring Data Reactive Cassandra - Could not safely identify store assignment for repository candidate interface com.eyerne.backend.database.connection.module.mysql.repository.CompanyMasterRepository.
2021-01-07 14:06:03,477 INFO org.springframework.data.repository.config.RepositoryConfigurationExtensionSupport [main] Spring Data Reactive Cassandra - Could not safely identify store assignment for repository candidate interface com.eyerne.backend.database.connection.module.mysql.repository.ResetPasswordTokenRepository.
2021-01-07 14:06:03,480 INFO org.springframework.data.repository.config.RepositoryConfigurationExtensionSupport [main] Spring Data Reactive Cassandra - Could not safely identify store assignment for repository candidate interface com.eyerne.backend.database.connection.module.ldap.repository.LDAPUserRepository.
2021-01-07 14:06:03,481 INFO org.springframework.data.repository.config.RepositoryConfigurationExtensionSupport [main] Spring Data Reactive Cassandra - Could not safely identify store assignment for repository candidate interface com.eyerne.backend.database.connection.module.mysql.repository.PlaceOwnersRepository.
2021-01-07 14:06:03,482 INFO org.springframework.data.repository.config.RepositoryConfigurationExtensionSupport [main] Spring Data Reactive Cassandra - Could not safely identify store assignment for repository candidate interface com.eyerne.backend.database.connection.module.mysql.repository.UserAddressRepository.
2021-01-07 14:06:03,483 INFO org.springframework.data.repository.config.RepositoryConfigurationExtensionSupport [main] Spring Data Reactive Cassandra - Could not safely identify store assignment for repository candidate interface com.eyerne.backend.database.connection.module.mysql.repository.UserEducationRepository.
2021-01-07 14:06:03,483 INFO org.springframework.data.repository.config.RepositoryConfigurationExtensionSupport [main] Spring Data Reactive Cassandra - Could not safely identify store assignment for repository candidate interface com.eyerne.backend.database.connection.module.mysql.repository.UserProfileRepository.
2021-01-07 14:06:03,484 INFO org.springframework.data.repository.config.RepositoryConfigurationExtensionSupport [main] Spring Data Reactive Cassandra - Could not safely identify store assignment for repository candidate interface com.eyerne.backend.database.connection.module.mysql.repository.ReviewRepository.
2021-01-07 14:06:03,486 INFO org.springframework.data.repository.config.RepositoryConfigurationExtensionSupport [main] Spring Data Reactive Cassandra - Could not safely identify store assignment for repository candidate interface com.eyerne.backend.database.connection.module.mysql.repository.UserRoleMappingRepository.
2021-01-07 14:06:03,508 INFO org.springframework.data.repository.config.RepositoryConfigurationExtensionSupport [main] Spring Data Reactive Cassandra - Could not safely identify store assignment for repository candidate interface com.eyerne.backend.user.profile.elasticsearch.module.repository.ESFleekUserContentRepository.
2021-01-07 14:06:03,511 INFO org.springframework.data.repository.config.RepositoryConfigurationExtensionSupport [main] Spring Data Reactive Cassandra - Could not safely identify store assignment for repository candidate interface com.eyerne.backend.user.profile.elasticsearch.module.repository.ESUserContentVisibilityRepository.
2021-01-07 14:06:03,513 INFO org.springframework.data.repository.config.RepositoryConfigurationExtensionSupport [main] Spring Data Reactive Cassandra - Could not safely identify store assignment for repository candidate interface com.eyerne.backend.user.profile.elasticsearch.module.repository.ESUserFcmDetailsRepository.
2021-01-07 14:06:03,515 INFO org.springframework.data.repository.config.RepositoryConfigurationExtensionSupport [main] Spring Data Reactive Cassandra - Could not safely identify store assignment for repository candidate interface com.eyerne.backend.user.profile.elasticsearch.module.repository.ESUserRepository.
2021-01-07 14:06:03,516 INFO org.springframework.data.repository.config.RepositoryConfigurationExtensionSupport [main] Spring Data Reactive Cassandra - Could not safely identify store assignment for repository candidate interface com.eyerne.backend.user.profile.elasticsearch.module.repository.EsCompanyMasterRepository.
2021-01-07 14:06:03,519 INFO org.springframework.data.repository.config.RepositoryConfigurationDelegate [main] Finished Spring Data repository scanning in 96ms. Found 0 repository interfaces.
2021-01-07 14:06:03,524 INFO org.springframework.data.repository.config.RepositoryConfigurationDelegate [main] Multiple Spring Data modules found, entering strict repository configuration mode!
2021-01-07 14:06:03,524 INFO org.springframework.data.repository.config.RepositoryConfigurationDelegate [main] Bootstrapping Spring Data repositories in DEFAULT mode.
2021-01-07 14:06:03,536 INFO org.springframework.data.repository.config.RepositoryConfigurationExtensionSupport [main] Spring Data Cassandra - Could not safely identify store assignment for repository candidate interface com.eyerne.backend.database.connection.module.mysql.repository.UserRoleRepository.
2021-01-07 14:06:03,537 INFO org.springframework.data.repository.config.RepositoryConfigurationExtensionSupport [main] Spring Data Cassandra - Could not safely identify store assignment for repository candidate interface com.eyerne.backend.database.connection.module.mysql.repository.UserWorkExperienceRepository.
2021-01-07 14:06:03,537 INFO org.springframework.data.repository.config.RepositoryConfigurationExtensionSupport [main] Spring Data Cassandra - Could not safely identify store assignment for repository candidate interface com.eyerne.backend.database.connection.module.mysql.repository.PlacesRepository.
2021-01-07 14:06:03,538 INFO org.springframework.data.repository.config.RepositoryConfigurationExtensionSupport [main] Spring Data Cassandra - Could not safely identify store assignment for repository candidate interface com.eyerne.backend.database.connection.module.mysql.repository.OwnershipClaimRepository.
2021-01-07 14:06:03,539 INFO org.springframework.data.repository.config.RepositoryConfigurationExtensionSupport [main] Spring Data Cassandra - Could not safely identify store assignment for repository candidate interface com.eyerne.backend.database.connection.module.mysql.repository.CompanyMasterRepository.
2021-01-07 14:06:03,539 INFO org.springframework.data.repository.config.RepositoryConfigurationExtensionSupport [main] Spring Data Cassandra - Could not safely identify store assignment for repository candidate interface com.eyerne.backend.database.connection.module.mysql.repository.ResetPasswordTokenRepository.
2021-01-07 14:06:03,540 INFO org.springframework.data.repository.config.RepositoryConfigurationExtensionSupport [main] Spring Data Cassandra - Could not safely identify store assignment for repository candidate interface com.eyerne.backend.database.connection.module.ldap.repository.LDAPUserRepository.
2021-01-07 14:06:03,541 INFO org.springframework.data.repository.config.RepositoryConfigurationExtensionSupport [main] Spring Data Cassandra - Could not safely identify store assignment for repository candidate interface com.eyerne.backend.database.connection.module.mysql.repository.PlaceOwnersRepository.
2021-01-07 14:06:03,541 INFO org.springframework.data.repository.config.RepositoryConfigurationExtensionSupport [main] Spring Data Cassandra - Could not safely identify store assignment for repository candidate interface com.eyerne.backend.database.connection.module.mysql.repository.UserAddressRepository.
2021-01-07 14:06:03,542 INFO org.springframework.data.repository.config.RepositoryConfigurationExtensionSupport [main] Spring Data Cassandra - Could not safely identify store assignment for repository candidate interface com.eyerne.backend.database.connection.module.mysql.repository.UserEducationRepository.
2021-01-07 14:06:03,542 INFO org.springframework.data.repository.config.RepositoryConfigurationExtensionSupport [main] Spring Data Cassandra - Could not safely identify store assignment for repository candidate interface com.eyerne.backend.database.connection.module.mysql.repository.UserProfileRepository.
2021-01-07 14:06:03,543 INFO org.springframework.data.repository.config.RepositoryConfigurationExtensionSupport [main] Spring Data Cassandra - Could not safely identify store assignment for repository candidate interface com.eyerne.backend.database.connection.module.mysql.repository.ReviewRepository.
2021-01-07 14:06:03,544 INFO org.springframework.data.repository.config.RepositoryConfigurationExtensionSupport [main] Spring Data Cassandra - Could not safely identify store assignment for repository candidate interface com.eyerne.backend.database.connection.module.mysql.repository.UserRoleMappingRepository.
2021-01-07 14:06:03,550 INFO org.springframework.data.repository.config.RepositoryConfigurationExtensionSupport [main] Spring Data Cassandra - Could not safely identify store assignment for repository candidate interface com.eyerne.backend.user.profile.elasticsearch.module.repository.ESFleekUserContentRepository.
2021-01-07 14:06:03,551 INFO org.springframework.data.repository.config.RepositoryConfigurationExtensionSupport [main] Spring Data Cassandra - Could not safely identify store assignment for repository candidate interface com.eyerne.backend.user.profile.elasticsearch.module.repository.ESUserContentVisibilityRepository.
2021-01-07 14:06:03,552 INFO org.springframework.data.repository.config.RepositoryConfigurationExtensionSupport [main] Spring Data Cassandra - Could not safely identify store assignment for repository candidate interface com.eyerne.backend.user.profile.elasticsearch.module.repository.ESUserFcmDetailsRepository.
2021-01-07 14:06:03,553 INFO org.springframework.data.repository.config.RepositoryConfigurationExtensionSupport [main] Spring Data Cassandra - Could not safely identify store assignment for repository candidate interface com.eyerne.backend.user.profile.elasticsearch.module.repository.ESUserRepository.
2021-01-07 14:06:03,554 INFO org.springframework.data.repository.config.RepositoryConfigurationExtensionSupport [main] Spring Data Cassandra - Could not safely identify store assignment for repository candidate interface com.eyerne.backend.user.profile.elasticsearch.module.repository.EsCompanyMasterRepository.
2021-01-07 14:06:03,584 INFO org.springframework.data.repository.config.RepositoryConfigurationDelegate [main] Finished Spring Data repository scanning in 58ms. Found 4 repository interfaces.
2021-01-07 14:06:03,595 INFO org.springframework.data.repository.config.RepositoryConfigurationDelegate [main] Multiple Spring Data modules found, entering strict repository configuration mode!
2021-01-07 14:06:03,596 INFO org.springframework.data.repository.config.RepositoryConfigurationDelegate [main] Bootstrapping Spring Data repositories in DEFAULT mode.
2021-01-07 14:06:03,605 INFO org.springframework.data.repository.config.RepositoryConfigurationExtensionSupport [main] Spring Data Elasticsearch - Could not safely identify store assignment for repository candidate interface com.eyerne.backend.database.connection.module.cassandra.repository.InvestorRepository.
2021-01-07 14:06:03,606 INFO org.springframework.data.repository.config.RepositoryConfigurationExtensionSupport [main] Spring Data Elasticsearch - Could not safely identify store assignment for repository candidate interface com.eyerne.backend.database.connection.module.cassandra.repository.CommentRepository.
2021-01-07 14:06:03,606 INFO org.springframework.data.repository.config.RepositoryConfigurationExtensionSupport [main] Spring Data Elasticsearch - Could not safely identify store assignment for repository candidate interface com.eyerne.backend.database.connection.module.mysql.repository.UserRoleRepository.
2021-01-07 14:06:03,607 INFO org.springframework.data.repository.config.RepositoryConfigurationExtensionSupport [main] Spring Data Elasticsearch - Could not safely identify store assignment for repository candidate interface com.eyerne.backend.database.connection.module.mysql.repository.UserWorkExperienceRepository.
2021-01-07 14:06:03,607 INFO org.springframework.data.repository.config.RepositoryConfigurationExtensionSupport [main] Spring Data Elasticsearch - Could not safely identify store assignment for repository candidate interface com.eyerne.backend.database.connection.module.mysql.repository.PlacesRepository.
2021-01-07 14:06:03,608 INFO org.springframework.data.repository.config.RepositoryConfigurationExtensionSupport [main] Spring Data Elasticsearch - Could not safely identify store assignment for repository candidate interface com.eyerne.backend.database.connection.module.mysql.repository.OwnershipClaimRepository.
2021-01-07 14:06:03,608 INFO org.springframework.data.repository.config.RepositoryConfigurationExtensionSupport [main] Spring Data Elasticsearch - Could not safely identify store assignment for repository candidate interface com.eyerne.backend.database.connection.module.mysql.repository.CompanyMasterRepository.
2021-01-07 14:06:03,609 INFO org.springframework.data.repository.config.RepositoryConfigurationExtensionSupport [main] Spring Data Elasticsearch - Could not safely identify store assignment for repository candidate interface com.eyerne.backend.database.connection.module.mysql.repository.ResetPasswordTokenRepository.
2021-01-07 14:06:03,609 INFO org.springframework.data.repository.config.RepositoryConfigurationExtensionSupport [main] Spring Data Elasticsearch - Could not safely identify store assignment for repository candidate interface com.eyerne.backend.database.connection.module.ldap.repository.LDAPUserRepository.
2021-01-07 14:06:03,610 INFO org.springframework.data.repository.config.RepositoryConfigurationExtensionSupport [main] Spring Data Elasticsearch - Could not safely identify store assignment for repository candidate interface com.eyerne.backend.database.connection.module.mysql.repository.PlaceOwnersRepository.
2021-01-07 14:06:03,610 INFO org.springframework.data.repository.config.RepositoryConfigurationExtensionSupport [main] Spring Data Elasticsearch - Could not safely identify store assignment for repository candidate interface com.eyerne.backend.database.connection.module.mysql.repository.UserAddressRepository.
2021-01-07 14:06:03,611 INFO org.springframework.data.repository.config.RepositoryConfigurationExtensionSupport [main] Spring Data Elasticsearch - Could not safely identify store assignment for repository candidate interface com.eyerne.backend.database.connection.module.mysql.repository.UserEducationRepository.
2021-01-07 14:06:03,612 INFO org.springframework.data.repository.config.RepositoryConfigurationExtensionSupport [main] Spring Data Elasticsearch - Could not safely identify store assignment for repository candidate interface com.eyerne.backend.database.connection.module.mysql.repository.UserProfileRepository.
2021-01-07 14:06:03,612 INFO org.springframework.data.repository.config.RepositoryConfigurationExtensionSupport [main] Spring Data Elasticsearch - Could not safely identify store assignment for repository candidate interface com.eyerne.backend.database.connection.module.mysql.repository.ReviewRepository.
2021-01-07 14:06:03,613 INFO org.springframework.data.repository.config.RepositoryConfigurationExtensionSupport [main] Spring Data Elasticsearch - Could not safely identify store assignment for repository candidate interface com.eyerne.backend.database.connection.module.mysql.repository.UserRoleMappingRepository.
2021-01-07 14:06:03,613 INFO org.springframework.data.repository.config.RepositoryConfigurationExtensionSupport [main] Spring Data Elasticsearch - Could not safely identify store assignment for repository candidate interface com.eyerne.backend.database.connection.module.cassandra.repository.StaticContentRepository.
2021-01-07 14:06:03,614 INFO org.springframework.data.repository.config.RepositoryConfigurationExtensionSupport [main] Spring Data Elasticsearch - Could not safely identify store assignment for repository candidate interface com.eyerne.backend.database.connection.module.cassandra.repository.CareerRepository.
2021-01-07 14:06:03,640 INFO org.springframework.data.repository.config.RepositoryConfigurationDelegate [main] Finished Spring Data repository scanning in 44ms. Found 5 repository interfaces.
2021-01-07 14:06:03,646 INFO org.springframework.data.repository.config.RepositoryConfigurationDelegate [main] Multiple Spring Data modules found, entering strict repository configuration mode!
2021-01-07 14:06:03,646 INFO org.springframework.data.repository.config.RepositoryConfigurationDelegate [main] Bootstrapping Spring Data repositories in DEFAULT mode.
2021-01-07 14:06:03,655 INFO org.springframework.data.repository.config.RepositoryConfigurationExtensionSupport [main] Spring Data LDAP - Could not safely identify store assignment for repository candidate interface com.eyerne.backend.database.connection.module.cassandra.repository.InvestorRepository.
2021-01-07 14:06:03,656 INFO org.springframework.data.repository.config.RepositoryConfigurationExtensionSupport [main] Spring Data LDAP - Could not safely identify store assignment for repository candidate interface com.eyerne.backend.database.connection.module.cassandra.repository.CommentRepository.
2021-01-07 14:06:03,656 INFO org.springframework.data.repository.config.RepositoryConfigurationExtensionSupport [main] Spring Data LDAP - Could not safely identify store assignment for repository candidate interface com.eyerne.backend.database.connection.module.mysql.repository.UserRoleRepository.
2021-01-07 14:06:03,657 INFO org.springframework.data.repository.config.RepositoryConfigurationExtensionSupport [main] Spring Data LDAP - Could not safely identify store assignment for repository candidate interface com.eyerne.backend.database.connection.module.mysql.repository.UserWorkExperienceRepository.
2021-01-07 14:06:03,657 INFO org.springframework.data.repository.config.RepositoryConfigurationExtensionSupport [main] Spring Data LDAP - Could not safely identify store assignment for repository candidate interface com.eyerne.backend.database.connection.module.mysql.repository.PlacesRepository.
2021-01-07 14:06:03,657 INFO org.springframework.data.repository.config.RepositoryConfigurationExtensionSupport [main] Spring Data LDAP - Could not safely identify store assignment for repository candidate interface com.eyerne.backend.database.connection.module.mysql.repository.OwnershipClaimRepository.
2021-01-07 14:06:03,658 INFO org.springframework.data.repository.config.RepositoryConfigurationExtensionSupport [main] Spring Data LDAP - Could not safely identify store assignment for repository candidate interface com.eyerne.backend.database.connection.module.mysql.repository.CompanyMasterRepository.
2021-01-07 14:06:03,658 INFO org.springframework.data.repository.config.RepositoryConfigurationExtensionSupport [main] Spring Data LDAP - Could not safely identify store assignment for repository candidate interface com.eyerne.backend.database.connection.module.mysql.repository.ResetPasswordTokenRepository.
2021-01-07 14:06:03,660 INFO org.springframework.data.repository.config.RepositoryConfigurationExtensionSupport [main] Spring Data LDAP - Could not safely identify store assignment for repository candidate interface com.eyerne.backend.database.connection.module.mysql.repository.PlaceOwnersRepository.
2021-01-07 14:06:03,660 INFO org.springframework.data.repository.config.RepositoryConfigurationExtensionSupport [main] Spring Data LDAP - Could not safely identify store assignment for repository candidate interface com.eyerne.backend.database.connection.module.mysql.repository.UserAddressRepository.
2021-01-07 14:06:03,661 INFO org.springframework.data.repository.config.RepositoryConfigurationExtensionSupport [main] Spring Data LDAP - Could not safely identify store assignment for repository candidate interface com.eyerne.backend.database.connection.module.mysql.repository.UserEducationRepository.
2021-01-07 14:06:03,661 INFO org.springframework.data.repository.config.RepositoryConfigurationExtensionSupport [main] Spring Data LDAP - Could not safely identify store assignment for repository candidate interface com.eyerne.backend.database.connection.module.mysql.repository.UserProfileRepository.
2021-01-07 14:06:03,662 INFO org.springframework.data.repository.config.RepositoryConfigurationExtensionSupport [main] Spring Data LDAP - Could not safely identify store assignment for repository candidate interface com.eyerne.backend.database.connection.module.mysql.repository.ReviewRepository.
2021-01-07 14:06:03,662 INFO org.springframework.data.repository.config.RepositoryConfigurationExtensionSupport [main] Spring Data LDAP - Could not safely identify store assignment for repository candidate interface com.eyerne.backend.database.connection.module.mysql.repository.UserRoleMappingRepository.
2021-01-07 14:06:03,663 INFO org.springframework.data.repository.config.RepositoryConfigurationExtensionSupport [main] Spring Data LDAP - Could not safely identify store assignment for repository candidate interface com.eyerne.backend.database.connection.module.cassandra.repository.StaticContentRepository.
2021-01-07 14:06:03,663 INFO org.springframework.data.repository.config.RepositoryConfigurationExtensionSupport [main] Spring Data LDAP - Could not safely identify store assignment for repository candidate interface com.eyerne.backend.database.connection.module.cassandra.repository.CareerRepository.
2021-01-07 14:06:03,667 INFO org.springframework.data.repository.config.RepositoryConfigurationExtensionSupport [main] Spring Data LDAP - Could not safely identify store assignment for repository candidate interface com.eyerne.backend.user.profile.elasticsearch.module.repository.ESFleekUserContentRepository.
2021-01-07 14:06:03,668 INFO org.springframework.data.repository.config.RepositoryConfigurationExtensionSupport [main] Spring Data LDAP - Could not safely identify store assignment for repository candidate interface com.eyerne.backend.user.profile.elasticsearch.module.repository.ESUserContentVisibilityRepository.
2021-01-07 14:06:03,668 INFO org.springframework.data.repository.config.RepositoryConfigurationExtensionSupport [main] Spring Data LDAP - Could not safely identify store assignment for repository candidate interface com.eyerne.backend.user.profile.elasticsearch.module.repository.ESUserFcmDetailsRepository.
2021-01-07 14:06:03,669 INFO org.springframework.data.repository.config.RepositoryConfigurationExtensionSupport [main] Spring Data LDAP - Could not safely identify store assignment for repository candidate interface com.eyerne.backend.user.profile.elasticsearch.module.repository.ESUserRepository.
2021-01-07 14:06:03,669 INFO org.springframework.data.repository.config.RepositoryConfigurationExtensionSupport [main] Spring Data LDAP - Could not safely identify store assignment for repository candidate interface com.eyerne.backend.user.profile.elasticsearch.module.repository.EsCompanyMasterRepository.
2021-01-07 14:06:03,681 INFO org.springframework.data.repository.config.RepositoryConfigurationDelegate [main] Finished Spring Data repository scanning in 35ms. Found 1 repository interfaces.
2021-01-07 14:06:03,872 WARN org.springframework.boot.actuate.endpoint.EndpointId [main] Endpoint ID 'service-registry' contains invalid characters, please migrate to a valid format.
2021-01-07 14:06:03,896 WARN org.springframework.boot.actuate.endpoint.EndpointId [main] Endpoint ID 'hystrix.stream' contains invalid characters, please migrate to a valid format.
2021-01-07 14:06:04,515 INFO org.springframework.cloud.context.scope.GenericScope [main] BeanFactory id=b361e69e-e8b4-3744-8616-e29c73ad7632
2021-01-07 14:06:04,604 INFO org.springframework.context.support.PostProcessorRegistrationDelegate$BeanPostProcessorChecker [main] Bean 'com.eyerne.backend.user.profile.elasticsearch.module.proxies.UserProxy' of type [org.springframework.cloud.openfeign.FeignClientFactoryBean] is not eligible for getting processed by all BeanPostProcessors (for example: not eligible for auto-proxying)
2021-01-07 14:06:04,615 INFO org.springframework.context.support.PostProcessorRegistrationDelegate$BeanPostProcessorChecker [main] Bean '(inner bean)#18410542' of type [com.amazonaws.auth.BasicAWSCredentials] is not eligible for getting processed by all BeanPostProcessors (for example: not eligible for auto-proxying)
2021-01-07 14:06:04,617 INFO org.springframework.context.support.PostProcessorRegistrationDelegate$BeanPostProcessorChecker [main] Bean '(inner bean)#5560c333' of type [com.amazonaws.auth.AWSStaticCredentialsProvider] is not eligible for getting processed by all BeanPostProcessors (for example: not eligible for auto-proxying)
2021-01-07 14:06:04,627 INFO org.springframework.context.support.PostProcessorRegistrationDelegate$BeanPostProcessorChecker [main] Bean '(inner bean)#5a66dc21' of type [com.amazonaws.auth.profile.ProfileCredentialsProvider] is not eligible for getting processed by all BeanPostProcessors (for example: not eligible for auto-proxying)
2021-01-07 14:06:04,630 INFO org.springframework.context.support.PostProcessorRegistrationDelegate$BeanPostProcessorChecker [main] Bean 'credentialsProvider' of type [org.springframework.cloud.aws.core.credentials.CredentialsProviderFactoryBean] is not eligible for getting processed by all BeanPostProcessors (for example: not eligible for auto-proxying)
2021-01-07 14:06:04,630 INFO org.springframework.context.support.PostProcessorRegistrationDelegate$BeanPostProcessorChecker [main] Bean 'credentialsProvider' of type [com.amazonaws.auth.AWSCredentialsProviderChain] is not eligible for getting processed by all BeanPostProcessors (for example: not eligible for auto-proxying)
2021-01-07 14:06:04,907 INFO org.springframework.context.support.PostProcessorRegistrationDelegate$BeanPostProcessorChecker [main] Bean 'org.springframework.transaction.annotation.ProxyTransactionManagementConfiguration' of type [org.springframework.transaction.annotation.ProxyTransactionManagementConfiguration$$EnhancerBySpringCGLIB$$b6038e2] is not eligible for getting processed by all BeanPostProcessors (for example: not eligible for auto-proxying)
2021-01-07 14:06:05,232 INFO org.springframework.context.support.PostProcessorRegistrationDelegate$BeanPostProcessorChecker [main] Bean 'org.springframework.cloud.autoconfigure.ConfigurationPropertiesRebinderAutoConfiguration' of type [org.springframework.cloud.autoconfigure.ConfigurationPropertiesRebinderAutoConfiguration$$EnhancerBySpringCGLIB$$277a3bdf] is not eligible for getting processed by all BeanPostProcessors (for example: not eligible for auto-proxying)
2021-01-07 14:06:05,287 INFO com.eyerne.backend.common.utility.module.config.LocaleConfiguration [main] Executing resourceBundleMessageSource bean configuration
2021-01-07 14:06:05,292 INFO com.eyerne.backend.common.utility.module.config.LocaleConfiguration [main] Cache Message Source Forever
2021-01-07 14:06:05,872 INFO org.springframework.boot.web.embedded.tomcat.TomcatWebServer [main] Tomcat initialized with port(s): 9103 (http)
2021-01-07 14:06:05,908 INFO org.apache.juli.logging.DirectJDKLog [main] Initializing ProtocolHandler ["http-nio-9103"]
2021-01-07 14:06:05,925 INFO org.apache.juli.logging.DirectJDKLog [main] Starting service [Tomcat]
2021-01-07 14:06:05,925 INFO org.apache.juli.logging.DirectJDKLog [main] Starting Servlet engine: [Apache Tomcat/9.0.22]
2021-01-07 14:06:06,083 INFO org.apache.juli.logging.DirectJDKLog [main] Initializing Spring embedded WebApplicationContext
2021-01-07 14:06:06,084 INFO org.springframework.boot.web.servlet.context.ServletWebServerApplicationContext [main] Root WebApplicationContext: initialization completed in 7976 ms
2021-01-07 14:06:06,333 WARN com.netflix.config.sources.URLConfigurationSource [main] No URLs will be polled as dynamic configuration sources.
2021-01-07 14:06:06,334 INFO com.netflix.config.sources.URLConfigurationSource [main] To enable URLs as dynamic configuration sources, define System property archaius.configurationSource.additionalUrls or make config.properties available on classpath.
2021-01-07 14:06:06,362 INFO com.netflix.config.DynamicPropertyFactory [main] DynamicPropertyFactory is initialized with configuration sources: com.netflix.config.ConcurrentCompositeConfiguration@65351953
2021-01-07 14:06:07,132 INFO com.datastax.driver.core.Cluster [main] DataStax Java driver 3.6.0 for Apache Cassandra
2021-01-07 14:06:07,146 INFO com.datastax.driver.core.GuavaCompatibility [main] Detected Guava >= 19 in the classpath, using modern compatibility layer
2021-01-07 14:06:07,507 INFO com.datastax.driver.core.ClockFactory [main] Using native clock to generate timestamps.
2021-01-07 14:06:08,671 INFO com.datastax.driver.core.NettyUtil [main] Did not find Netty's native epoll transport in the classpath, defaulting to NIO.
2021-01-07 14:06:23,831 INFO com.datastax.driver.core.policies.DCAwareRoundRobinPolicy [main] Using data-center name 'datacenter1' for DCAwareRoundRobinPolicy (if this is incorrect, please provide the correct datacenter name with DCAwareRoundRobinPolicy constructor)
2021-01-07 14:06:23,834 INFO com.datastax.driver.core.Cluster$Manager [main] New Cassandra host /103.107.26.2:9042 added
2021-01-07 14:06:28,224 INFO org.elasticsearch.plugins.PluginsService [main] no modules loaded
2021-01-07 14:06:28,226 INFO org.elasticsearch.plugins.PluginsService [main] loaded plugin [org.elasticsearch.index.reindex.ReindexPlugin]
2021-01-07 14:06:28,226 INFO org.elasticsearch.plugins.PluginsService [main] loaded plugin [org.elasticsearch.join.ParentJoinPlugin]
2021-01-07 14:06:28,227 INFO org.elasticsearch.plugins.PluginsService [main] loaded plugin [org.elasticsearch.percolator.PercolatorPlugin]
2021-01-07 14:06:28,227 INFO org.elasticsearch.plugins.PluginsService [main] loaded plugin [org.elasticsearch.script.mustache.MustachePlugin]
2021-01-07 14:06:28,227 INFO org.elasticsearch.plugins.PluginsService [main] loaded plugin [org.elasticsearch.transport.Netty4Plugin]
2021-01-07 14:06:29,350 INFO org.springframework.data.elasticsearch.client.TransportClientFactoryBean [main] Adding transport node : 103.107.26.2:9300
2021-01-07 14:06:33,110 INFO com.zaxxer.hikari.HikariDataSource [main] HikariPool-1 - Starting...
2021-01-07 14:06:37,427 INFO com.zaxxer.hikari.HikariDataSource [main] HikariPool-1 - Start completed.
2021-01-07 14:06:37,549 INFO org.hibernate.jpa.internal.util.LogHelper [main] HHH000204: Processing PersistenceUnitInfo [
	name: default
	...]
2021-01-07 14:06:37,665 INFO org.hibernate.Version [main] HHH000412: Hibernate Core {5.3.10.Final}
2021-01-07 14:06:37,667 INFO org.hibernate.cfg.Environment [main] HHH000206: hibernate.properties not found
2021-01-07 14:06:37,866 INFO org.hibernate.annotations.common.reflection.java.JavaReflectionManager [main] HCANN000001: Hibernate Commons Annotations {5.0.4.Final}
2021-01-07 14:06:38,430 INFO org.hibernate.dialect.Dialect [main] HHH000400: Using dialect: org.hibernate.dialect.MySQL8Dialect
2021-01-07 14:07:14,728 INFO org.springframework.orm.jpa.AbstractEntityManagerFactoryBean [main] Initialized JPA EntityManagerFactory for persistence unit 'default'
2021-01-07 14:07:15,914 INFO org.springframework.cloud.netflix.eureka.InstanceInfoFactory [main] Setting initial instance status as: STARTING
2021-01-07 14:07:15,965 INFO com.netflix.discovery.DiscoveryClient [main] Initializing Eureka in region us-east-1
2021-01-07 14:07:16,059 INFO com.netflix.discovery.provider.DiscoveryJerseyProvider [main] Using JSON encoding codec LegacyJacksonJson
2021-01-07 14:07:16,059 INFO com.netflix.discovery.provider.DiscoveryJerseyProvider [main] Using JSON decoding codec LegacyJacksonJson
2021-01-07 14:07:16,312 INFO com.netflix.discovery.provider.DiscoveryJerseyProvider [main] Using XML encoding codec XStreamXml
2021-01-07 14:07:16,312 INFO com.netflix.discovery.provider.DiscoveryJerseyProvider [main] Using XML decoding codec XStreamXml
2021-01-07 14:07:16,602 INFO com.netflix.discovery.shared.resolver.aws.ConfigClusterResolver [main] Resolving eureka endpoints via configuration
2021-01-07 14:07:16,652 INFO com.netflix.discovery.DiscoveryClient [main] Disable delta property : false
2021-01-07 14:07:16,652 INFO com.netflix.discovery.DiscoveryClient [main] Single vip registry refresh property : null
2021-01-07 14:07:16,653 INFO com.netflix.discovery.DiscoveryClient [main] Force full registry fetch : false
2021-01-07 14:07:16,653 INFO com.netflix.discovery.DiscoveryClient [main] Application is null : false
2021-01-07 14:07:16,654 INFO com.netflix.discovery.DiscoveryClient [main] Registered Applications size is zero : true
2021-01-07 14:07:16,654 INFO com.netflix.discovery.DiscoveryClient [main] Application version is -1: true
2021-01-07 14:07:16,655 INFO com.netflix.discovery.DiscoveryClient [main] Getting all instance registry info from the eureka server
2021-01-07 14:07:16,871 INFO com.netflix.discovery.DiscoveryClient [main] The response status is 200
2021-01-07 14:07:16,877 INFO com.netflix.discovery.DiscoveryClient [main] Starting heartbeat executor: renew interval is: 30
2021-01-07 14:07:16,883 INFO com.netflix.discovery.InstanceInfoReplicator [main] InstanceInfoReplicator onDemand update allowed rate per min is 4
2021-01-07 14:07:16,897 INFO com.netflix.discovery.DiscoveryClient [main] Discovery Client initialized at timestamp 1610008636895 with initial instances count: 3
2021-01-07 14:07:25,783 INFO org.hibernate.hql.internal.QueryTranslatorFactoryInitiator [main] HHH000397: Using ASTQueryTranslatorFactory
2021-01-07 14:07:26,493 INFO org.springframework.scheduling.concurrent.ExecutorConfigurationSupport [main] Initializing ExecutorService 'clientInboundChannelExecutor'
2021-01-07 14:07:26,505 INFO org.springframework.scheduling.concurrent.ExecutorConfigurationSupport [main] Initializing ExecutorService 'clientOutboundChannelExecutor'
2021-01-07 14:07:26,520 INFO org.springframework.scheduling.concurrent.ExecutorConfigurationSupport [main] Initializing ExecutorService 'messageBrokerTaskScheduler'
2021-01-07 14:07:26,605 INFO org.springframework.scheduling.concurrent.ExecutorConfigurationSupport [main] Initializing ExecutorService 'brokerChannelExecutor'
2021-01-07 14:07:26,807 WARN org.springframework.boot.autoconfigure.orm.jpa.JpaBaseConfiguration$JpaWebConfiguration$JpaWebMvcConfiguration [main] spring.jpa.open-in-view is enabled by default. Therefore, database queries may be performed during view rendering. Explicitly configure spring.jpa.open-in-view to disable this warning
2021-01-07 14:07:27,221 INFO org.springframework.scheduling.concurrent.ExecutorConfigurationSupport [main] Initializing ExecutorService
2021-01-07 14:07:27,222 INFO org.springframework.scheduling.concurrent.ExecutorConfigurationSupport [main] Initializing ExecutorService 'asyncExecutor'
2021-01-07 14:07:27,238 INFO org.flywaydb.core.internal.logging.slf4j.Slf4jLog [main] Flyway Community Edition 5.2.4 by Boxfuse
2021-01-07 14:07:27,624 INFO org.flywaydb.core.internal.logging.slf4j.Slf4jLog [main] Database: jdbc:mysql://103.107.26.2:3306/eyerne (MySQL 8.0)
2021-01-07 14:07:32,440 INFO org.flywaydb.core.internal.logging.slf4j.Slf4jLog [main] Successfully validated 2 migrations (execution time 00:01.854s)
2021-01-07 14:07:36,178 INFO org.flywaydb.core.internal.logging.slf4j.Slf4jLog [main] Current version of schema `eyerne`: 1.1
2021-01-07 14:07:36,521 INFO org.flywaydb.core.internal.logging.slf4j.Slf4jLog [main] Schema `eyerne` is up to date. No migration necessary.
2021-01-07 14:07:39,417 WARN com.netflix.config.sources.URLConfigurationSource [main] No URLs will be polled as dynamic configuration sources.
2021-01-07 14:07:39,417 INFO com.netflix.config.sources.URLConfigurationSource [main] To enable URLs as dynamic configuration sources, define System property archaius.configurationSource.additionalUrls or make config.properties available on classpath.
2021-01-07 14:07:40,473 INFO org.springframework.cloud.netflix.zuul.ZuulFilterInitializer [main] Starting filter initializer
2021-01-07 14:07:40,939 INFO org.springframework.boot.actuate.endpoint.web.EndpointLinksResolver [main] Exposing 2 endpoint(s) beneath base path '/actuator'
2021-01-07 14:07:41,121 INFO org.springframework.cloud.netflix.eureka.serviceregistry.EurekaServiceRegistry [main] Registering application EYERNE-USER-PROFILE-ELASTICSEARCH-MODULE with eureka with status UP
2021-01-07 14:07:41,122 INFO com.netflix.discovery.DiscoveryClient$3 [main] Saw local status change event StatusChangeEvent [timestamp=1610008661122, current=UP, previous=STARTING]
2021-01-07 14:07:41,125 INFO com.netflix.discovery.DiscoveryClient [DiscoveryClient-InstanceInfoReplicator-0] DiscoveryClient_EYERNE-USER-PROFILE-ELASTICSEARCH-MODULE/192.168.43.10:eyerne-user-profile-elasticsearch-module:9103: registering service...
2021-01-07 14:07:41,160 INFO org.springframework.core.log.CompositeLog [main] Starting...
2021-01-07 14:07:41,161 INFO org.springframework.core.log.CompositeLog [main] BrokerAvailabilityEvent[available=true, SimpleBrokerMessageHandler [DefaultSubscriptionRegistry[cache[0 destination(s)], registry[0 sessions]]]]
2021-01-07 14:07:41,162 INFO org.springframework.core.log.CompositeLog [main] Started.
2021-01-07 14:07:41,213 INFO org.apache.juli.logging.DirectJDKLog [main] Starting ProtocolHandler ["http-nio-9103"]
2021-01-07 14:07:41,271 INFO com.netflix.discovery.DiscoveryClient [DiscoveryClient-InstanceInfoReplicator-0] DiscoveryClient_EYERNE-USER-PROFILE-ELASTICSEARCH-MODULE/192.168.43.10:eyerne-user-profile-elasticsearch-module:9103 - registration status: 204
2021-01-07 14:07:41,293 INFO org.springframework.boot.web.embedded.tomcat.TomcatWebServer [main] Tomcat started on port(s): 9103 (http) with context path ''
2021-01-07 14:07:41,295 INFO org.springframework.cloud.netflix.eureka.serviceregistry.EurekaAutoServiceRegistration [main] Updating port to 9103
2021-01-07 14:07:41,297 INFO org.springframework.boot.StartupInfoLogger [main] Started BackendEyerneUserProfileElasticsearchModuleApplication in 105.651 seconds (JVM running for 129.212)
2021-01-07 14:08:26,603 INFO org.springframework.web.socket.config.WebSocketMessageBrokerStats [MessageBroker-1] WebSocketSession[0 current WS(0)-HttpStream(0)-HttpPoll(0), 0 total, 0 closed abnormally (0 connect failure, 0 send limit, 0 transport error)], stompSubProtocol[processed CONNECT(0)-CONNECTED(0)-DISCONNECT(0)], stompBrokerRelay[null], inboundChannel[pool size = 0, active threads = 0, queued tasks = 0, completed tasks = 0], outboundChannel[pool size = 0, active threads = 0, queued tasks = 0, completed tasks = 0], sockJsScheduler[pool size = 1, active threads = 1, queued tasks = 0, completed tasks = 0]
2021-01-07 14:12:16,657 INFO com.netflix.discovery.shared.resolver.aws.ConfigClusterResolver [AsyncResolver-bootstrap-executor-0] Resolving eureka endpoints via configuration
2021-01-07 14:17:16,658 INFO com.netflix.discovery.shared.resolver.aws.ConfigClusterResolver [AsyncResolver-bootstrap-executor-0] Resolving eureka endpoints via configuration
2021-01-07 14:18:25,300 INFO org.springframework.cloud.netflix.eureka.serviceregistry.EurekaServiceRegistry [Thread-14] Unregistering application EYERNE-USER-PROFILE-ELASTICSEARCH-MODULE with eureka with status DOWN
2021-01-07 14:18:25,303 WARN com.netflix.discovery.DiscoveryClient$3 [Thread-14] Saw local status change event StatusChangeEvent [timestamp=1610009305303, current=DOWN, previous=UP]
2021-01-07 14:18:25,304 INFO com.netflix.discovery.DiscoveryClient [DiscoveryClient-InstanceInfoReplicator-0] DiscoveryClient_EYERNE-USER-PROFILE-ELASTICSEARCH-MODULE/192.168.43.10:eyerne-user-profile-elasticsearch-module:9103: registering service...
2021-01-07 14:18:25,306 INFO org.springframework.core.log.CompositeLog [Thread-14] Stopping...
2021-01-07 14:18:25,306 INFO org.springframework.core.log.CompositeLog [Thread-14] BrokerAvailabilityEvent[available=false, SimpleBrokerMessageHandler [DefaultSubscriptionRegistry[cache[0 destination(s)], registry[0 sessions]]]]
2021-01-07 14:18:25,306 INFO org.springframework.core.log.CompositeLog [Thread-14] Stopped.
2021-01-07 14:18:25,311 INFO com.netflix.discovery.DiscoveryClient [DiscoveryClient-InstanceInfoReplicator-0] DiscoveryClient_EYERNE-USER-PROFILE-ELASTICSEARCH-MODULE/192.168.43.10:eyerne-user-profile-elasticsearch-module:9103 - registration status: 204
2021-01-07 14:18:25,308 INFO org.springframework.cloud.netflix.zuul.ZuulFilterInitializer [Thread-14] Stopping filter initializer
2021-01-07 14:18:25,357 INFO org.springframework.scheduling.concurrent.ExecutorConfigurationSupport [Thread-14] Shutting down ExecutorService 'asyncExecutor'
2021-01-07 14:18:25,358 INFO org.springframework.scheduling.concurrent.ExecutorConfigurationSupport [Thread-14] Shutting down ExecutorService 'brokerChannelExecutor'
2021-01-07 14:18:25,359 INFO org.springframework.scheduling.concurrent.ExecutorConfigurationSupport [Thread-14] Shutting down ExecutorService 'messageBrokerTaskScheduler'
2021-01-07 14:18:25,365 INFO org.springframework.scheduling.concurrent.ExecutorConfigurationSupport [Thread-14] Shutting down ExecutorService 'clientOutboundChannelExecutor'
2021-01-07 14:18:25,366 INFO org.springframework.scheduling.concurrent.ExecutorConfigurationSupport [Thread-14] Shutting down ExecutorService 'clientInboundChannelExecutor'
2021-01-07 14:18:25,389 INFO org.springframework.orm.jpa.AbstractEntityManagerFactoryBean [Thread-14] Closing JPA EntityManagerFactory for persistence unit 'default'
2021-01-07 14:18:27,718 INFO com.netflix.discovery.DiscoveryClient [Thread-14] Shutting down DiscoveryClient ...
2021-01-07 14:18:30,719 INFO com.netflix.discovery.DiscoveryClient [Thread-14] Unregistering ...
2021-01-07 14:18:30,733 INFO com.netflix.discovery.DiscoveryClient [Thread-14] DiscoveryClient_EYERNE-USER-PROFILE-ELASTICSEARCH-MODULE/192.168.43.10:eyerne-user-profile-elasticsearch-module:9103 - deregister  status: 200
2021-01-07 14:18:30,746 INFO com.netflix.discovery.DiscoveryClient [Thread-14] Completed shut down of DiscoveryClient
2021-01-07 14:18:30,760 INFO com.zaxxer.hikari.HikariDataSource [Thread-14] HikariPool-1 - Shutdown initiated...
2021-01-07 14:18:30,782 ERROR com.zaxxer.hikari.HikariDataSource [Thread-14] HikariPool-1 - Shutdown completed.
2021-02-17 09:18:45,479 ERROR  [http-nio-9103-exec-10] com.github.shivanikanojia.monitor.LoggerMonitor: ===============Ecxeption occurred in execution(List com.eyerne.backend.user.profile.elasticsearch.module.controller.ESUserController.getDeactivatedUsers()) on 1613553525479 ms ============
2021-02-17 09:18:45,479 ERROR  [http-nio-9103-exec-10] com.github.shivanikanojia.monitor.LoggerMonitor: ===============Ecxeption occurred in execution(List com.eyerne.backend.user.profile.elasticsearch.module.controller.ESUserController.getDeactivatedUsers()) on 1613553525479 ms ============

